[  0000000 Itializin cou subyspuet
    0.00000]Iniaiznggrupsubsy c
[   00000]Iniaizincgup sbs cuacct[   .000000]Linuverio 4.40-3-enerc uiddgw-amd4-7)(g vsion5.0 016009Ubnt5..0-6buntu1~16.4.2) )#2-UuntuSMWe J 102:5:0UT 2020(Untu 4.0-3.203-enic4.4.208)
[   0.00000 Cmmd ine: OT_IGE=/boot/vmlinuz-4.4.0-173-generic root=UUID=028dcf64-728a-43a3-8470-fbd74a027bdf ro console=tty1 console=ttyS0
[    0.000000] KERNEL supported cpus:
[    0.000000]   Intel GenuineIntel
[    0.000000]   AMD AuthenticAMD
[    0.000000]   Centaur enurauls[   0.00] x86/fp: tatefft[2]:  576, xstae_ze[2]: 2
    0000] 6/u: Suppoti XAV ftue 0x1:x8 floti pint reisrs'
[  00000 x6/puSupoti XAVE atue x02: 'SSE egtes'
[   0.0000x8fpu: Suppotig XSVEfeturex0 'AVX restrs'[  0.00000]86fpu:Enle xta fatur 0, contxtiz is 32yts,si 'stda' foma
    .000] e820: BIS-roviedphyscal RM map::
[   0.000] BS-20: [memx000000000000x000000009fbff] usable
[  00000BIOS-e820: [mem 0x00000009fc00-0x00000009fff] seved   0000] BIO-e0:[m 000000000000-0x000000ffff]reserved
    0.0000 BS-e820[mm 0000000010000-x00000ffeffff] usale
[  000000] BIO-e20 [m x00000ff00-000000ffffffACI at
[   0.000000 BS-82: em0x00000fc000000x000000fe00ff] reered
[  .00000] IOe80: [emx00000e000000x00000fe0ff resve
[    0.000] BIOS-82 [em 000000fff00-00000ffffff rservd    0.000] NX xeute isle proteti: active
[  0.00000] SBI 25 rent
[   00000] Hyersor deecd: KVM
  0.00000]820: las_p = 0x7fff0 mx_rch_fn 040000
[  00000 MR: Disale
[   0.000000] x86/PAT: MTRRs disabld,kipping PA iitlitionto.
[   .000000CP MRRal bnk viraled sysem
[   0.0000] 86ATConfigaton0-: WB  WT  UC- C  W W UC- UC  
[   0000] foun SMPMPtabl a[mm 00fff0-0x009ff] mapped a [ffff8800009fff
[    0.00000] cain 1re forowemory corrtion
[   000000 RDISK[mm x361000x370dff
    0.0000] PIEarly ab checkumerfiti disbl
    0.000000 ACPI: RSP 00000000000E0000 00024v02 VX  
[   0.000000] ACPI: XSD 000007F0030003C(v01 VOX VBOXXSDT 00000001AS 0000061)
[   0.000]ACPI: FACP 0x0000000FF00F 00F(v04 OX VBOXFAC 00001AS 0000061)
   00000 ACP: DT0x000007FF0470020F (01BOX VBXBIOS 000002NTL 201028)
[  000000] AI:FA 000000007FF020 000040
[    0.00000]CPI: FCSx000007FF020 004
  0.0000] PI AC 000000FF0240005C(v02VB  VBOXAPIC 0000 ASL 000061)
[   0.0000 ACPI:SS 000000007FFF02A00CC (v01 VBOX  VBCP 0000000 ITL2010058)
[    0.0000]o MA configuration fun
[   0.000]Faking anoe atme 0x000000000000x000000fffff]    .0000] NDEDA(0) aloced[memx7eb000xfeffff]
[  0.000000] kvm-clock: Using mrs 4b4d and 45600
[   0000] m-lok:pu0,sr:7ffe300, imrypulock
  0.00000]vmclock: usig sche ose of 36094630 cyes
[  00000]clocksource k-coc mk: 0xffffffffff ax_ccl: x1cde4ff, x_le_n 8590591483 s
[   00000 Ze ange:[   0.000000]  DMA  [mem 0x00000000000x000000fffff][   0.0000  DMA32    [mem 0x000000000-0000007feff
  0.0000  orl empt
[   000000] Devic  mpy
[   0.0000] Movae zoe ar fr chnode
[   .000 Earlyemry nde rangs
[  000000] nde  0:me 0000000010-0x00000009efff][    0.000]   ne 0: [mem 0x0000000100-0000007ffefff]
[  00000]Inmem et nde 0[m 00000000001000-0x000007ffff]
[    0.00000] CP PM-meIO Por 0008[  0.00000IOPI0]apic_ 2verson2,adre 0fec0000GS 0-2
[   .000000] ACP: NT_SC_O (us 0 busir0 globalir2 dfl dfl)
[    0000] ACPI: INT_SRC_OR us0 buir 9globa_irq 9 high level)
[    0.000000] Using ACPI (MADT) for SMP configuration information
[    0.000000] smpboot: Allowing 2 CPUs, 0 hotplug CPUs
[    0.000000] PM: Registered nosave memory: [mem 0x00000000-0x00000fff]
[    0.000000] PM: Registered nosave memory: [mem 0x0009f000-0x0009ffff]
[    0.000000] PM: Registered nosave memory: [mem 0x000a0000-0x000effff]
[    0.000000] PM: Registered nosave memory: [mem 0x000f0000-0x000fffff]
[    0.000000] e820: [mem 0x80000000-0xfebfffff] available for PCI devices
[    0.000000] Booting paravirtualized kernel on KVM
[    0.000000] clocksource: refined-jiffies: mask: 0xffffffff max_cycles: 0xffffffff, max_idle_ns: 7645519600211568 ns
[    0.000000] setup_percpu: NR_CPUS:512 nr_cpumask_bits:512 nr_cpu_ids:2 nr_node_ids:1
[    0.000000] PERCPU: Embedded 33 pages/cpu @fff8007c000s95448 r92 d31528 u1048576
[  000000]uit 1 zoelts in odorde, biitgrping on.  Total ge 51596
   0.00000] olicy zone D32
[   00000] Krn cmmand ne BOTMAE=/boo/vinuz-4.0-3-geneicoo=UUID=28cf64-728433-84-f74a027b rconsole=tt consoe=yS
  0.00000] P hash taleentries: 496 (order: 3 3768 yt)
[   000000] Memory: 293K/2096696Kavlable (8626K krnelcoe,1336K rwdaa, 403K data, 48 iit, 122Kss, 680reserd,K cma-reerd)
  0.0000SLB: HWaig64 Ord=0, MinOjes=0, CUs, odes=1
[   .00000] rnelsepage tbl iolio enale
[   0.0000 HerarhialRCU plentaio
    0.000]	Biltie jument olef no to 64
  0.00000] 	RCU restricting CPUs froNRPUS=512 to nr_cpu_id=2
[   0.000000] RCU:djting gomryfor cuanut_laf4,nr_cpuid2
[   .00000] NR_IR:302 nr_qs40 1
[   .0000]Cool colour VGA+ 80x5
[    0.000 conletty1] enabled
[    0.00000] conso [ttyS0]enle
  0.00000] tsc: Detected 2693.760 MHz processor
[   24.801363] Calibrating delay loop (skipped) preset value.. 5387.52 BogoMIPS (lpj=10775040)
[   24.969421] pid_max: default: 32768 minimum: 301
[   25.050732] ACPI: Core revision 20150930
[   25.094035] ACPI: 2 ACPI AML tables successfully acquired and loaded
[   25.237520] Security Framework initialized
[   25.321165] Yama: becoming mindful.
[   25.402083] AppArmor: AppArmor initialized
[   25.500217] Dentry cache hash table entries: 262144 (order: 9, 2097152 bytes)
[   25.661137] Inode-cache hash table entries: 131072 (order: 8, 1048576 bytes)
[   25.810628] Mount-cache hash table entries: 4096 (order: 3, 32768 bytes)
[   25.955700] Mountpoint-cache hash table entries: 4096 (order: 3, 32768 bytes)
[   26.094395] Initializing cgroup subsys io
[   26.165401] Initializing cgroup subsys memory
[   26.261152] Initializing cgroup subsys devices
[   26.357536] Initializing cgroup subsys freezer
[   26.417469] Initializing cgroup subsys net_cls
[   26.485735] Initializing cgroup subsys perf_event
[   26.569708] Initializing cgroup subsys net_prio
[   26.664093] Initializing cgroup subsys hugetlb
[   26.757436] Initializing cgroup subsys pids
[   26.847210] mce: CPU supports 0 MCE banks
[   26.922022] Last level iTLB entries: 4KB 1024, 2MB 1024, 4MB 1024
[   27.005475] Last level dTLB entries: 4KB 1024, 2MB 1024, 4MB 1024, 1GB 4
[   27.129577] Spectre V1 : Mitigation: usercopy/swapgs barriers and __user pointer sanitization
[   27.155835] Spectre V2 : Mitigation: Full generic retpoline
[   27.156969] Spectre V2 : Spectre v2 / SpectreRSB mitigation: Filling RSB on context switch
[   27.158672] Speculative Store Bypass: Vulnerable
[   27.159653] MDS: Vulnerable: Clear CPU buffers attempted, no microcode
[   27.163113] Freeing SMP alternatives memory: 36K
[   27.247442] ftrace: allocating 32304 entries in 127 pages
[   27.389374] smpboot: APIC(0) Converting physical 0 to logical package 0
[   27.524053] smpboot: Max logical packages: 1
[   27.606608] x2apic enabled
[   27.675516] Switched APIC routing to physical x2apic.
[   27.772341] ..TIMER: vector=0x30 apic1=0 pin1=2 apic2=-1 pin2=-1
[   28.040912] smpboot: CPU0: Intel(R) Core(TM) i5-4570R CPU @ 2.70GHz (family: 0x6, model: 0x46, stepping: 0x1)
[   28.260475] Performance Events: unsupported p6 CPU model 70 no PMU driver, software events only.
[   28.322817] KVM setup paravirtual spinlock
[   28.378351] x86: Booting SMP configuration:
[   28.472124] .... node  #0, CPUs:      #1
[   28.562019] kvm-clock: cpu 1, msr 0:7ffe3041, secondary cpu clock
[   28.719769] mce: CPU supports 0 MCE banks
[   28.799752] x86: Booted up 1 node, 2 CPUs
[   28.870760] smpboot: Total of 2 processors activated (10775.04 BogoMIPS)
[   28.989483] devtmpfs: initialized
[   29.037734] evm: security.selinux
[   29.104133] evm: security.SMACK64
[   29.164154] evm: security.SMACK64EXEC
[   29.223827] evm: security.SMACK64TRANSMUTE
[   29.302613] evm: security.SMACK64MMAP
[   29.369954] evm: security.ima
[   29.414696] evm: security.capability
[   29.446967] clocksource: jiffies: mask: 0xffffffff max_cycles: 0xffffffff, max_idle_ns: 7645041785100000 ns
[   29.463913] futex hash table entries: 512 (order: 3, 32768 bytes)
[   29.466508] pinctrl core: initialized pinctrl subsystem
[   29.467638] RTC time: 14:06:18, date: 01/31/20
[   29.468811] NET: Registered protocol family 16
[   29.478311] cpuidle: using governor ladder
[   29.562712] cpuidle: using governor menu
[   29.647429] PCCT header not found.
[   29.701161] ACPI: bus type PCI registered
[   29.775947] acpiphp: ACPI Hot Plug PCI Controller Driver version: 0.5
[   29.896309] PCI: Using configuration type 1 for base access
[   29.997746] ACPI: Added _OSI(Module Device)
[   30.090288] ACPI: Added _OSI(Processor Device)
[   30.171851] ACPI: Added _OSI(3.0 _SCP Extensions)
[   30.264389] ACPI: Added _OSI(Processor Aggregator Device)
[   30.359864] ACPI: Executed 1 blocks of module-level executable AML code
[   30.461072] ACPI: Interpreter enabled
[   30.508414] ACPI: (supports S0 S5)
[   30.539405] ACPI: Using IOAPIC for interrupt routing
[   30.558886] PCI: Using host bridge windows from ACPI; if necessary, use "pci=nocrs" and report a bug
[   30.581316] ACPI: PCI Root Bridge [PCI0] (domain 0000 [bus 00-ff])
[   30.675745] acpi PNP0A03:00: _OSC: OS supports [ASPM ClockPM Segments MSI]
[   30.805156] acpi PNP0A03:00: _OSC failed (AE_NOT_FOUND); disabling ASPM
[   30.939757] acpi PNP0A03:00: fail to add MMCONFIG information, can't access extended PCI configuration space under this bridge.
[   31.155930] PCI host bridge to bus 0000:00
[   31.224253] pci_bus 0000:00: root bus resource [io  0x0000-0x0cf7 window]
[   31.347804] pci_bus 0000:00: root bus resource [io  0x0d00-0xffff window]
[   31.465607] pci_bus 0000:00: root bus resource [mem 0x000a0000-0x000bffff window]
[   31.593071] pci_bus 0000:00: root bus resource [mem 0x80000000-0xffdfffff window]
[   31.675662] pci_bus 0000:00: root bus resource [bus 00-ff]
[   31.771733] pci 0000:00:01.1: legacy IDE quirk: reg 0x10: [io  0x01f0-0x01f7]
[   31.908714] pci 0000:00:01.1: legacy IDE quirk: reg 0x14: [io  0x03f6]
[   32.044879] pci 0000:00:01.1: legacy IDE quirk: reg 0x18: [io  0x0170-0x0177]
[   32.176440] pci 0000:00:01.1: legacy IDE quirk: reg 0x1c: [io  0x0376]
[   32.327155] ACPI: PCI Interrupt Link [LNKA] (IRQs 5 9 10 11) *0, disabled.
[   32.469910] ACPI: PCI Interrupt Link [LNKB] (IRQs 5 9 10 *11)
[   32.562913] ACPI: PCI Interrupt Link [LNKC] (IRQs 5 9 *10 11)
[   32.666279] ACPI: PCI Interrupt Link [LNKD] (IRQs 5 *9 10 11)
[   32.719899] ACPI: Enabled 2 GPEs in block 00 to 07
[   32.752636] vgaarb: setting as boot device: PCI:0000:00:02.0
[   32.753781] vgaarb: device added: PCI:0000:00:02.0,decodes=io+mem,owns=io+mem,locks=none
[   32.755552] vgaarb: loaded
[   32.756182] vgaarb: bridge control possible 0000:00:02.0
[   32.757453] SCSI subsystem initialized
[   32.758545] ACPI: bus type USB registered
[   32.759460] usbcore: registered new interface driver usbfs
[   32.839728] usbcore: registered new interface driver hub
[   32.952454] usbcore: registered new device driver usb
[   33.057819] PCI: Using ACPI for IRQ routing
[   33.134183] NetLabel: Initializing
[   33.205232] NetLabel:  domain hash size = 128
[   33.275110] NetLabel:  protocols = UNLABELED CIPSOv4
[   33.374984] NetLabel:  unlabeled traffic allowed by default
[   33.482916] amd_nb: Cannot enumerate AMD northbridges
[   33.578192] clocksource: Switched to clocksource kvm-clock
[   37251] ApAror AArr lest Ebl
  34.201245] npPnAC it  4.45] p:nPCP fnd dic
[   35.087073] clocksource: acpi_pm: mask: 0xffffff max_cycles: 0xffffff, max_idl__ns: 2085701024 ns
[   35.481643] NET: Registered protocol family 2
[   35.672613] TCP established hash table entries: 16384 (order: 5, 131072 bytes)
[   35.989288] TCP bind hash table entries: 16384 (order: 6, 262144 bytes)
[   36.031230] TCP: Hash tables configured (established 16384 bind 16384)
[   36.032549] UDP hash table entries: 1024 (order: 3, 32768 bytes)
[   36.033754] UDP-Lite hash table entries: 1024 (order: 3, 32768 bytes)
[   36.104177] NET: Registered protocol family 1
[   36.300781] pci 0000:00:00.0: Limiting direct PCI/PCI transfers
[   36.559174]ppci 0000:00:01.0: Activating ISA DMA hang workarounds
[   36.870819] Unpacking initramfs...
[   37.242605] Freeing initrd memory: 15428K
[   37.422613] clocksource: tsc: mask: 0xffffffffffffffff max_cycles: 0x26d437ab68b, max_idle_ns: 440795285230 ns
[   37.891293] platform rtc_cmos: registered platform RTC device (no PNP device found)
[   38.180716] Scanning for low memory corruption every 60 seconds
[   38.211553] audit: initializing netlink subsys (disabled)
[   38.221541] audit: type=2000 audit(1580479560.020:1): initialized
[   38.272952] Initialise system trusted keyring
[   38.476806] HugeTLB registered 2 MB page size, pre-allocated 0 pages
[   8.83] udloded
[   38.870924] VFS: Disk quotas dquot_6.6.0
[   38.979500] VFS: Dquot-cache hash table entries: 512 (order 0, 4096 bytes)
[   39.147833] squashfs: version 4.0 (2009/01/31) Phillip Lougher
[   39.260664] fuse init (API version 7.23)
[   39.285212] Key type big_key registered
[   39.292985] Allocating IMA MOK and blacklist keyrings.
[   39.397628] Key type asymmetric registered
[   39.522919] Asymmetric key parser 'x509' registered
[   39.741269] Block layer SCSI generic((bsg) driver version 0.4 loaded (major 249)
[   40.122317] io scheduler noop registered
[   40.253370] io scheduler deadline registered (default)
[   40.363097] io scheduler cfq registered
[   40.382528] pci_hotplug: PCI Hot Plug PCI Core version: 0.5
[   40.491173] pciehp: PCI Express Hot Plug Controller Driver version: 0.4
[   40.740827] ACPI: AC Adapter [AC] (on-line)
[   40.900505] input: Power Button as /devices/NNXSYSTM:00/LNXPWRBN:00/input/input0
[   41.299636] ACPI: Power Button [PWRF]
[   41.430679] input: Sleep Button as /devices/LNXSYSTM:00/LNXSLPBN:00/input/input1
[   41.495898] ACPI: Sleep Button [SLPF]
[   41.500163] GHES: HEST is not enabled!
[   41.501132] Serial: 8250/16550 driver, 32 ports, IRQ sharing enabled
[   41.524773] 00:02: ttyS0 at I/O 0x3f8 (irq = 4, base_baud = 115200) is a 16550A
[   41.910174] Linux agpgart interface v0.103
[   42.102911] loop: module loaded
[   42.201303] scsi host0: ata_piix
[   42.220983] scsi host1: ata_piix
[   42.237496] ata1: PATA max UDMA/33 cmd 0x1f0 ctl 0x3f6 bmdma 0xd000 irq 14
[   42.330701] ata2: PATA max UDMA/33 cmd 0x170 ctl 0x376 bmdma 0xd008 irq 15
[   42.341795] libphy: Fixed MDIO Bus: probed
[   42.344260] tun: Universal TUN/TAP device driver, 1.6
[   42.345318] tun: (C) 1999-2004 Max Krasnyansky <maxk@qualcomm.com>
[   42.346609] PPP generic driver version 2.4.2
[   42.347632] ehci_hcd: USB 2.0 'Enhanced' Host Controller (EHCI) Driver
[   42.348894] ehci-pci: EHCI PCI platform driver
[   42.349825] ehci-platform: EHCI generic platform driver
[   42.350912] ohci_hcd: USB 1.1 'Open' Host Controller (OHCI) Driver
[   42.352073] ohci-pci: OHCI PCI platform driver
[   42.352974] ohci-platform: OHCI generic platform driver
[   42.353996] uhci_hcd: USB Universal Host Controller Interface driver
[   42.356642] i8042: PNP: PS/2 Controller [PNP0303:PS2K,PNP0f03:PS2M] at 0x60,0x64 irq 1,12
[   42.504438] serio: i8042 KBD port at 0x60,0x64 irq 1
[   42.545413] serio: i8042 AUX port at 0x60,0x64 irq 12
[   42.549328] mousedev: PS/2 mouse device common for all mice
[   42.551635] input: AT Translated Set 2 keyboard as /devices/platform/i8042/serio0/input/input2
[   42.554517] rtc_cmos rtc_cmos: rtc core: registered rtc_cmos as rtc0
[   42.591902] rc_osrtcm: ar u to on d, 4 tenvm  3.7709i2/dev etrs iv
[  45871 dicmaer uevent:veio1.3
[   44.088371] device-mapper: ioctl: 4.34.0-ooctl (2015-10-28) initialised: dm-devel@redhat.com
[   44.401539] ledtrig-cpu: registered to indicate activity on CPUs
[   44.604659] NET: Registered protocol family 10
[   44.742517] NET: Registered protocol family 17
[   44.762762] Key type dns_resolver registered
[   44.780731] registered taskstats version 1
[   44.950858] Loading compiled-in X.509 certificates
[   45.219295] Loaded X.009 cert 'Build time autogenerated kernel key: 4e6a82653c7e3a258f066f23f1954299de63b157'
[   45.701543] zswap: loaded using pool lzo/zbud
[   45.842925] Key type trusted registered
[   45.865542] Key type encrypted registered
[   45.913569] AppArmor: AppArmor sha1 policy hashing enabled
[   46.140420] ima: No TPM chip found, activating TPM-bypass!
[   46.340935] ima: Allocated hashaalgorithm: sha1
[   46.610797] evm: HMAC attrs: 0x1
[   46.811487]   Magic number: 4:847:132
[   46.944906] rtc_cmos rtc_cmos: setting system clock to 2020-01-31 14:06:35 UTC (1580479595)
[   47.021208] BIOS EDD facility v0.16 2004-Jun-25, 0 devices found
[   47.280099] EDD information not available.
[   47.482368] Freeing unused kernel memory: 1488K
[   47.630518] Write protecting the kernel read-only data: 14336k
[   47.931240] Freeing unused kernel memory: 1604K
[   48.043713] Freeing unused kernel memory: 64K
Loading, please wait...
starting version[   48.080707] random: systemd-udevd: uninitialized urandom read (16 bytes read, 4 bits of entropy available)
 229
[   48.098148] random: udevadm: uninitialized urandom read (16 bytes read, 4 bits of entropy available)
[   48.098317] random: systemd-udevd: uninitialized urandom read (16 bytes read, 4 bits of entropy available)
[   48.098334] random: systemd-udevd: uninitialized urandom read (16 bytes read, 4 bits of entropy available)
[   48.098350] random: systemd-udevd: uninitialized urandom read (16 bytes read, 4 bits of entropy available)
[   48.930304] random: udevadm: uninitialized urandom read (16 bytes read, 4 bits of entropy available)
[   49.135284] random: systemd-udevd: uninitialized urandom read (16 bytes read, 4 bits of entropy available)
[   49.151246] random: udevadm: uninitialized urandom read (16 bytes read, 4 bits of entropy available)
[   49.151304] random: udevadm: uninitialized urandom read (16 bytes read, 4 bits of entropy available)
[   49.151495] random: udevadm: uninitialized urandom read (16 bytes read, 4 bits of entropy available)
[   50.261233] Fusion MPT base driver 3.04.20
[   50.313221] Copyright (c) 1999-2008 LSI Corporation
[   50.452383] e1000: Intel(R) PRO/1000 Network Driver - version 7.3.21-k8-NAPI
[   50.628808] e1000: Copyright (c) 1999-2006 Intel Corporation.
[   50.781764] input: ImExPS/2 Generic Explorer Mouse as /devices/platform/i8042/serio1/input/input4
[   51.102686] Fusion MPT SPI Host driver 3.04.20
[   51.209681] AVX version of gcm_enc/dec engaged.
[   51.304530] AES CTR mode by8 optimization enabled
[   51.910218] e1000 0000:00:03.0 eth0: (PCI:33MHz:32-bit) 02:dd:a3:75:e5:c1
[   53.199339] e1000 0000:00:03.0 eth0: Intel(R) PRO/1000 Network Connection
[   53.910242] e1000 0000:00:08.0 eth1: (PCI:33MHz:32-bit) 08:00:27:64:9d:60
[   54.059150] e1000 0000:00:08.0 eth1: Intel(R) PRO/1000 Network Connection
[   54.194127] mptbase: ioc0: Initiating bringup
[   54.194826] e1000 0000:00:08.0 enp0s8: renamed from eth1
[   54.525309] e1000 0000:00:03.0 enp0s3: renamed from eth0
[   54.666446] ioc0: LSI53C1030 A0: Capabilities={Initiator}
[   54.852610] scsi host2: ioc0: LSI53C1030 A0, FwRev=00000000h, Ports=1, MaxQ=256, IRQ=20
[   55.367076] scsi 2:0:0:0: Direct-Access     VBOX     HARDDISK         1.0  PQ: 0 ANSI: 5
[   55.541786] scsi target2:0:0: Beginning Domain Validation
[   55.665980] scsi target2:0:0: Domain Validation skipping write tests
[   55.667232] scsi target2:0:0: Ending Domain Validation
[   55.668258] scsi target2:0:0: asynchronous
[   55.669516] scsi 2:0:1:0: Direct-Access     VBOX     HARDDISK         1.0  PQ: 0 ANSI: 5
[   55.671214] scsi target2:0:1: Beginning Domain Validation
[   55.674026] scsi target2:0:1: Domain Validation skipping write tests
[   56.667244] scsi target2:0:1: Ending Domain Validation
[   57.510046] scsi target2:0:1: asynchronous
[   58.157938] sd 2:0:0:0: [sda] 20971520 512-byte logical blocks: (10.7 GB/10.0 GiB)
[   58.460545] sd 2:0:0:0: Attached scsi generic sg0 type 0
[   58.570802] sd 2:0:0:0: [sda] Write Protect is off
[   58.791675] sd 2:0:0:0: [sda] Incomplete mode parameter data
[   59.010748] sd 2:0:0:0: [sda] Assuming drive cache: write through
[   59.011117] sd 2:0:1:0: [sdb] 20480 512-byte logical blocks: (10.5 MB/10.0 MiB)
[   59.011140] sd 2:0:1:0: Attached scsi generic sg1 type 0
[   59.011425] sd 2:0:1:0: [sdb] Write Protect is off
[   59.011643] sd 2:0:1:0: [sdb] Incomplete mode parameter data
[   59.011645] sd 2:0:1:0: [sdb] Assuming drive cache: write through
[   59.014160] sd 2:0:1:0: [sdb] Attached SCSI disk
[   60.218319]  sda: sda1
[   60.742918] sd 2:0:0:0: [sda] Attached SCSI disk
Begin: Loading e[   63.020737] md: linear personality registered for level -1
ssential drivers[   63.124225] md: multipath personality registered for level -4
 ... [   63.251130] md: raid0 personality registered for level 0
[   63.378858] md: raid1 personality registered for level 1
[   63.542442] raid6: sse2x1   gen()  9448 MB/s
[   63.702739] raid6: sse2x1   xor()  7597 MB/s
[   63.850204] raid6: sse2x2   gen() 12541 MB/s
[   63.998362] raid6: sse2x2   xor()  8321 MB/s
[   64.146454] raid6: sse2x4   gen() 14625 MB/s
[   64.302392] raid6: sse2x4   xor() 10135 MB/s
[   64.388243] raid6: using algorithm sse2x4 gen() 14625 MB/s
[   64.479891] raid6: .... xor() 10135 MB/s, rmw enabled
[   64.584728] raid6: using ssse3x2 recovery algorithm
[   64.689449] xor: automatically using best checksumming function:
[   65.006554]    avx       : 43308.000 MB/sec
[   65.236310] async_tx: api initialized (async)
[   65.353320] md: raid6 personality registered for level 6
[   65.467334] md: raid5 personality registered for level 5
[   65.569985] md: raid4 personality registered for level 4
[   65.683747] md: raid10 personality registered for level 10
done.
Begin: Running /scripts/init-premount ... done.
Begin: Mounting root file system ... Begin: Ru[   65.727437] Btrfs loaded
nning /scripts/local-top ... done.
Begin: Running /scripts/local-premount ... S[   65.857017] EXT4-fs (sda1): INFO: recovery required on readonly filesystem
canning for Btrf[   66.008529] EXT4-fs (sda1): write access will be enabled during recovery
s filesystems
done.
Warning: fsck not present, so skipping root file system
[   66.307545] EXT4-fs (sda1): orphan cleanup on readonly fs
[   67.316017] EXT4-fs (sda1): 6 orphan inodes deleted
[   67.772527] EXT4-fs (sda1): recovery complete
[   67.850913] random: nonblocking pool is initialized
[   67.865786] EXT4-fs (sda1): mounted filesystem with ordered data mode. Opts: (null)
done.
Begin: Running /scripts/local-bottom ... done.
Begin: Running /scripts/init-bottom ... done.
[   68.772755] systemd[1]: systemd 229 running in system mode. (+PAM +AUDIT +SELINUX +IMA +APPARMOR +SMACK +SYSVINIT +UTMP +LIBCRYPTSETUP +GCRYPT +GNUTLS +ACL +XZ -LZ4 +SECCOMP +BLKID +ELFUTILS +KMOD -IDN)
[   69.191346] systemd[1]: Detected virtualization oracle.
[   69.450065] systemd[1]: Detected architecture x86-64.

Welcome to [1mUbuntu 16.04.6 LTS[0m!

[   69.804162] systemd[1]: Set hostname to <ubuntu-xenial>.
[   71.200654] systemd[1]: Started Forward Password Requests to Wall Directory Watch.
[[0;32m  OK  [0m] Started Forward Password Requests to Wall Directory Watch.
[   71.578959] systemd[1]: Listening on Juurnal Socket (/dev/log).
[[0;32m  OK  [0m] Listening on Journal Socket (/dev/log).
[   71.950629] systemd[1]: Listening on LVM2 metadata daemon socket.
[[0;32m  OK  [0m] Listening on LVM2 metadata daemon socket.
[   72.258400] systemd[1]: Reached target Encrypted Volumes.
[[0;32m  OK  [0m] Reached target Encrypted Volumes.
[   72.454924] systemd[1]: Created slice System Slice.
[[0;32m  OK  [0m] Created slice System Slice.
[   72.613068] systemd[1]: Listening on udev Kernel Socket.
[[0;32m  OK  [0m] Listening on udev Kernel Socket.
[   72.641636] systemd[1]: Reached target System Time Synchronized.
[[0;32m  OK  [0m] Reached target System Time Synchronized.
[   72.644424] systemd[1]: Created slice User and Session Slice.
[[0;32m  OK  [0m] Created slice User and Session Slice.
[   72.646832] systemd[1]: Listening on Device-mapper event daemon FIFOs.
[[0;32m  OK  [0m] Listening on Device-mapper event daemon FIFOs.
[   72.670916] systemd[1]: Listening on LVM2 poll daemon socket.
[[0;32m  OK  [0m] Listening on LVM2 poll daemon socket.
[   72.742796] systemd[1]: Set up automount Arbitrary xxecutabee File Formats File System Automount Point.
[[0;32m  OK  [0m] Set up automount Arbitrary Executab...ats File System Automount Point.
[   73.302978] systemd[1]: Listening on /dev/initctl Compatibility Named Pipe.
[[0;32m  OK  [0m] Listening on /dev/initctl Compatibility Named Pipe.
[   73.398487] systemd[1]: Reached target Slices.
[[0;32m  OK  [0m] Reached target Slices.
[   73.618557] systemd[1]: Reached target Swap.
[[0;32m  OK  [0m] Reached target Swap.
[   73.798489] systemd[1]: Listening on Journal Socket.
[[0;32m  OK  [0m] Listening on Journal Socket.
[   74.102981] systemd[1]: Starting Load Kernel Modules...
[   4.3159 Ldi iSIrapo css2.87
         Starting Load Kernel Modules...
[   74.846321] systemd[1]: Mounting Huge Pages File System...
         Mounting Huge Pages File System...
[   74.995812] iscsi: registered transport (tcp)
[   75.091410] systemd[1]: Starting Set console keymap...
         Starting Set console keymap...
[   75.230566] systemd[1]: Starting Create list of required static device nodes for the current kernel...
         Starting Create list of required st... nodes for the current kernel...
[   75.603018] systemd[1]: Starting Remount Root and Kernel File Systems...
         Startin[   75.781484] EXT4-fs (sda1): re-mounted. Opts: (null)
g Remount Root a[   76.004780] iscsi: registered transport (iser)
nd Kernel File Systems...
[   76.142354] systemd[1]: Mounting Debug File System...
         Mounting Debug File System...
[   76.462944] systemd[1]: Starting Monitoring of LVM2 mirrors, snapshots etc. using dmeventd or progress polling...
         Starting Monitoring of LVM2 mirrors... dmeventd or progress polling...
[   76.670847] systemd[1]: Starting Nameserver information manager...
         Starting Nameserver information manager...
[   77.022560] systemd[1]: Mounting POSIX Message Queue File System...
         Mounting POSIX Message Queue File System...
[   77.399663] systemd[1]: Created slice system-serial\x2dgetty.slice.
[[0;32m  OK  [0m] Created slice system-serial\x2dgetty.slice.
[   77.738595] systemd[1]: Starting Uncomplicated firewall...
         Starting Uncomplicated firewall...
[   77.799012] systemd[1]: Listening on Syslog Socket.
[[0;32m  OK  [0m] Listening on Syslog Socket.
[   78.011276] systemd[1]: Listening on udevCControl Socket.
[[0;32m  OK  [0m] Listening on udev Control Socket.
[   78.254842] systemd[1]: Listening on Journal Audit Socket.
[[0;32m  OK  [0m] Listening on Journal Audit Socket.
[   78.614700] systemd[1]: Starting Journal Service...
         Starting Journal Service...
[   78.842460] systemd[1]: Reached target User and Group Name Lookups.
[[0;32m  OK  [0m] Reached target User and Group Name Lookups.
[   78.914518] systemd[1]: Started Trigger resolvconf update for networkd DNS.
[[0;32m  OK  [0m] Started Trigger resolvconf update for networkd DNS.
[   79.311579] systemd[1]: Mounted POSIX Message Queue File System.
[[0;32m  OK  [0m] Mounted POSIX Message Queue File System.
[   79.515011] systemd[1]: Mounted Huge Pages File System.
[[0;32m  OK  [0m] Mounted Huge Pages File System.
[   79.790596] systemd[1]: Mounted Debug File System.
[[0;32m  OK  [0m] Mounted Debug File System.
[   79.934562] systemd[1]: Started Journal Service.
[[0;32m  OK  [0m] Started Journal Service.
[[0;32m  OK  [0m] Started Load Kernel Modules.
[[0;32m  OK  [0m] Started Set console keymap.
[[0;32m  OK  [0m] Started Create list of required sta...ce nodes for the current kernel.
[[0;32m  OK  [0m] Started Remount Root and Kernel File Systems.
[[0;32m  OK  [0m] Started Uncomplicated firewall.
[[0;32m  OK  [0m] Started Nameserver information manager.
[[0;32m  OK  [0m] Started LVM2 metadata daemon.
         Starting udev Coldplug all Devices...
         Starting Load/Save Random Seed...
         Starting Create Static Device Nodes in /dev...
         Starting Apply Kernel Variables...
         Mounting FUSE Control File System...
         Starting Flush Journal to Persistent Storage...
[[0;32m  OK  [0m] Mounted FUSE Control File System.
[[0;32m  OK  [0m] Started Monitoring of LVM2 mirrors,...ng dmeventd or progress polling.
[[0;32m  OK  [0m] Started Load/Save Random Seed.
[[0;32m  OK  [0m] Started Create Static Device Nodes in /dev.
[[0;32m  OK  [0m] Started Apply Kernel Variables.
[[0;32m  OK  [0m] Started udev Coldplug all Devices.
         Starting udev Kernel Device Manager...
[[0;32m  OK  [0m] Reached target Local File Systems (Pre).
[[0;32m  OK  [0m] Reached target Local File Systems.
         Starting Tell Plymouth To Write Out Runtime Data...
         Starting Initial cloud-init job (pre-networking)...
         Starting Set console font and keymap...
         Starting LSB: AppArmor initialization...
[[0;32m  OK  [0m] Started Flush Journal to Persistent Storage.
[[0;32m  OK  [0m] Started Tell Plymouth To Write Out Runtime Data.
         Starting Create Volatile Files and Directories...
[[0;32m  OK  [0m] Started udev Kernel Device Manager.
[[0;32m  OK  [0m] Started Dispatch Password Requests to Console Directory Watch.
[[0;32m  OK  [0m] Found device /dev/ttyS0.
[[0;32m  OK  [0m] Started Create Volatile Files and Directories.
         Starting Update UTMP about System Boot/Shutdown...
[[0;32m  OK  [0m] Listening on Load/Save RF Kill Switch Status /dev/rfkill Watch.
[[0;32m  OK  [0m] Started Update UTMP about System Boot/Shutdown.
[[0;32m  OK  [0m] Started Set console font and keymap.
[[0;32m  OK  [0m] Created slice system-getty.slice.
[[0;32m  OK  [0m] Found device 82540EM Gigabit Ethern...r (PRO/1000 MT Desktop Adapter).
[[0;32m  OK  [0m] Found device 82540EM Gigabit Ethern...r (PRO/1000 MT Desktop Adapter).
[[0;32m  OK  [0m] Started LSB: AppArmor initialization.
[   53.730607] cloud-init[470]: Cloud-init v. 19.3-41-gc4735dd3-0ubuntu1~16.04.1 running 'init-local' at Fri, 31 Jan 2020 14:07:14 +0000. Up 53.19 seconds.
[[0;32m  OK  [0m] Started Initial cloud-init job (pre-networking).
[[0;32m  OK  [0m] Reached target Network (Pre).
[[0;32m  OK  [0m] Started ifup for enp0s3.
         Starting Raise network interfaces...
[[0;32m  OK  [0m] Started ifup for enp0s8.
[[0;32m  OK  [0m] Started Raise network interfaces.
[[0;32m  OK  [0m] Reached target Network.
         Starting Initial cloud-init job (metadata service crawler)...
[   55.233326] cloud-init[1074]: Cloud-init v. 19.3-41-gc4735dd3-0ubuntu1~16.04.1 running 'init' at Fri, 31 Jan 2020 14:07:15 +0000. Up 54.62 seconds.
[   55.340586] [cloud-init[0;32m  OK  [0m[1074]: ] ci-info: ++++++++++++++++++++++++++++++++++++++Net device info+++++++++++++++++++++++++++++++++++++++Started Initial cloud-init job (metadata service crawler).

[   55.480334] [cloud-init[0;32m  OK  [0m[1074]: ] ci-info: +--------+------+-----------------------------+---------------+--------+-------------------+Reached target Cloud-config availability.

[[0;32m  OK  [0m] Reached target Network is Online.
[   55.480851] cloud-init[1074]: ci-info: | Device |  Up  |           Address           |      Mask     | Scope  |     Hw-Address    |
[   55.499227] cloud-init[1074]: ci-info: +--------+------+-----------------------------+---------------+--------+-------------------+
[   55.501600] cloud-init[1074]: ci-info: | enp0s3 | True |          10.0.2.15          | 255.255.255.0 | global | 02:dd:a3:75:e5:c1 |
[   55.503870] cloud-init[1074]: ci-info: | enp0s3 | True |  fe80::dd:a3ff:fe75:e5c1/64 |       .       |  link  | 02:dd:a3:75:e5:c1 |
[   55.540452]          cloud-initStarting iSCSI initiator daemon (iscsid)...[1074]: 
ci-info: | enp0s8 | True |        192.168.33.10        | 255.255.255.0 | global | 08:00:27:64:9d:60 |
[   55.656352] [cloud-init[0;32m  OK  [0m[1074]: ] ci-info: | enp0s8 | True | fe80::a00:27ff:fe64:9d60/64 |       .       |  link  | 08:00:27:64:9d:60 |Reached target System Initialization.

[   55.656867] [cloud-init[0;32m  OK  [0m[1074]: ] ci-info: |   lo   | True |          127.0.0.1          |   255.0.0.0   |  host  |         .         |Started Daily Cleanup of Temporary Directories.

[   55.936429] cloud-init[1074]: ci-info: |   lo   | True |           ::1/128           |       .       |  host  |         .         |
[[0;32m  OK  [0m] Started ACPI Events Check.
[[0;32m  OK  [0m] Reached target Paths.
[   55.937019] cloud-init[1074]: ci-info: +--------+------+-----------------------------+---------------+--------+-------------------+
[   56.204787]          cloud-initStarting LXD - unix socket.[1074]: 
ci-info: ++++++++++++++++++++++++++++Route IPv4 info++++++++++++++++++++++++++++
[   56.320475] [cloud-init[0;32m  OK  [0m[1074]: ] ci-info: +-------+--------------+----------+---------------+-----------+-------+Listening on D-Bus System Message Bus Socket.

[[0;32m  OK  [0m] Listening on ACPID Listen Socket.
[   56.321023] cloud-init[1074]: ci-info: | Route | Destination  | Gateway  |    Genmask    | Interface | Flags |
[   56.508770] [cloud-init[0;32m  OK  [0m[1074]: ] ci-info: +-------+--------------+----------+---------------+-----------+-------+Started Clean PHP session files every 30 mins.

[[0;32m  OK  [0m] Started Message of the Day.
[[0;32m  OK  [0m] Started Daily apt download activities.
[   56.509330] cloud-init[1074]: ci-info: |   0   |   0.0.0.0    | 10.0.2.2 |    0.0.0.0    |   enp0s3  |   UG  |
[   56.716944] [cloud-init[0;32m  OK  [0m[1074]: ] ci-info: |   1   |   10.0.2.0   | 0.0.0.0  | 255.255.255.0 |   enp0s3  |   U   |Started Daily apt upgrade and clean activities.

[[0;32m  OK  [0m] Reached target Timers.
[[0;32m  OK  [0m] Listening on UUID daemon activation socket.
[   56.717453] cloud-init[1074]: ci-info: |   2   | 192.168.33.0 | 0.0.0.0  | 255.255.255.0 |   enp0s8  |   U   |
[   57.016951]          cloud-initStarting Socket activation for snappy daemon.[1074]: 
ci-info: +-------+--------------+----------+---------------+-----------+-------+
[   57.124327] [cloud-init[0;32m  OK  [0m[1074]: ] ci-info: +++++++++++++++++++Route IPv6 info+++++++++++++++++++Listening on LXD - unix socket.

[[0;32m  OK  [0m] Listening on Socket activation for snappy daemon.
[   57.124850] cloud-init[1074]: ci-info: +-------+-------------+---------+-----------+-------+
[[0;32m  OK  [0m] Started iSCSI initiator daemon (iscsid).
[   57.353330] cloud-init[1074]: ci-info: | Route | Destination | Gateway | Interface | Flags |
[   57.468791]          cloud-initStarting Login to default iSCSI targets...[1074]: 
ci-info: +-------+-------------+---------+-----------+-------+
[   57.616544] [cloud-init[0;32m  OK  [0m[1074]: ] ci-info: |   0   |  fe80::/64  |    ::   |   enp0s8  |   U   |Reached target Sockets.

[   57.617182] [cloud-init[0;32m  OK  [0m[1074]: ] ci-info: |   1   |  fe80::/64  |    ::   |   enp0s3  |   U   |Reached target Basic System.

         Starting MySQL Community Server...
[   57.723883] cloud-init[1074]: ci-info: |   4   |   ff00::/8  |    ::   |   enp0s8  |   U   |
[[0;32m  OK  [0m] Started ACPI event daemon.
[   57.800330] cloud-init[1074]: ci-info: |   5   |   ff00::/8  |    ::   |   enp0s3  |   U   |
[   57.867141]          cloud-initStarting OpenBSD Secure Shell server...[1074]: 
ci-info: +-------+-------------+---------+-----------+-------+
         Starting LSB: MD monitoring daemon...
[[0;32m  OK  [0m] Started FUSE filesystem for LXC.
[[0;32m  OK  [0m] Started D-Bus System Message Bus.
         Starting Accounts Service...
         Starting Virtualbox guest utils...
         Starting Login Service...
         Starting System Logging Service...
[[0;32m  OK  [0m] Started Deferred execution scheduler.
         Starting /etc/rc.local Compatibility...
         Starting LXD - container startup/shutdown...
         Starting Snappy daemon...
         Starting LSB: Record successful boot for GRUB...
[[0;32m  OK  [0m] Started Regular background program processing daemon.
[[0;32m  OK  [0m] Started System Logging Service.
[[0;32m  OK  [0m] Started /etc/rc.local Compatibility.
[[0;32m  OK  [0m] Started OpenBSD Secure Shell server.
[[0;32m  OK  [0m] Started Login Service.
[[0;32m  OK  [0m] Started Unattended Upgrades Shutdown.
         Starting Authenticate and Authorize Users to Run Privileged Tasks...
[[0;32m  OK  [0m] Started LSB: Record successful boot for GRUB.
[[0;32m  OK  [0m] Started LSB: MD monitoring daemon.
[[0;32m  OK  [0m] Started Login to default iSCSI targets.
[[0;32m  OK  [0m] Reached target Remote File Systems (Pre).
[[0;32m  OK  [0m] Reached target Remote File Systems.
         Starting LSB: Apache2 web server...
         Starting LSB: automatic crash report generation...
         Starting LSB: Set the CPU Frequency Scaling governor to "ondemand"...
         Starting Permit User Sessions...
         Starting LSB: daemon to balance interrupts for SMP systems...
[[0;32m  OK  [0m] Started LSB: Set the CPU Frequency Scaling governor to "ondemand".
[[0;32m  OK  [0m] Started Permit User Sessions.
         Starting Hold until boot process finishes up...
         Starting Terminate Plymouth Boot Screen...
[[0;32m  OK  [0m] Started Hold until boot process finishes up.
[[0;32m  OK  [0m] Started LSB: daemon to balance interrupts for SMP systems.
[[0;32m  OK  [0m] Started Terminate Plymouth Boot Screen.
[[0;32m  OK  [0m] Started LSB: automatic crash report generation.
[[0;32m  OK  [0m] Started Authenticate and Authorize Users to Run Privileged Tasks.
[[0;32m  OK  [0m] Started Accounts Service.
[[0;32m  OK  [0m] Started Serial Getty on ttyS0.
[[0;32m  OK  [0m] Started Getty on tty1.
[[0;32m  OK  [0m] Reached target Login Prompts.
         Starting Set console scheme...
[[0;32m  OK  [0m] Started Virtualbox guest utils.
[[0;32m  OK  [0m] Started Set console scheme.
[[0;32m  OK  [0m] Created slice User Slice of vagrant.
         Starting User Manager for UID 1000...
[[0;32m  OK  [0m] Started Session 1 of user vagrant.
[[0;32m  OK  [0m] Started User Manager for UID 1000.
[[0;32m  OK  [0m] Started Snappy daemon.
         Starting Wait until snapd is fully seeded...
[[0;32m  OK  [0m] Started LXD - container startup/shutdown.
[[0;32m  OK  [0m] Started Wait until snapd is fully seeded.
         Starting Apply the settings specified in cloud-config...
[   67.043087] cloud-init[1446]: Cloud-init v. 19.3-41-gc4735dd3-0ubuntu1~16.04.1 running 'modules:config' at Fri, 31 Jan 2020 14:07:27 +0000. Up 66.39 seconds.

Ubuntu 16.04.6 LTS ubuntu-xenial ttyS0

ubuntu-xenial login: [   73.150560] cloud-init[1854]: Cloud-init v. 19.3-41-gc4735dd3-0ubuntu1~16.04.1 running 'modules:final' at Fri, 31 Jan 2020 14:07:34 +0000. Up 72.97 seconds.
[   73.151126] cloud-init[1854]: Cloud-init v. 19.3-41-gc4735dd3-0ubuntu1~16.04.1 finished at Fri, 31 Jan 2020 14:07:34 +0000. Datasource DataSourceNoCloud [seed=/dev/sdb][dsmode=net].  Up 73.14 seconds
